2002.06.06 20:48 B C:\wmg\html\arcade\asteroids\DSCN0671.JPG --> pages.prodigy.net /arcade/asteroids DSCN0671.JPG
2002.06.06 20:49 B C:\wmg\html\arcade\asteroids\DSCN0672.JPG --> pages.prodigy.net /arcade/asteroids DSCN0672.JPG
2002.08.11 11:31 B C:\wmg\html\arcade\asteroids\coldsolder.JPG --> pages.prodigy.net /arcade/asteroids coldsolder.JPG
2002.09.10 21:00 B C:\1-wmg\html\arcade\asteroids\asteroids.html --> pages.prodigy.net /arcade/asteroids asteroids.html
2002.09.10 21:01 B C:\1-wmg\html\arcade\asteroids\coldsolder.JPG --> pages.prodigy.net /arcade/asteroids coldsolder.JPG
2002.09.10 21:01 B C:\1-wmg\html\arcade\asteroids\coldsolder_t.jpg --> pages.prodigy.net /arcade/asteroids coldsolder_t.jpg
2002.09.10 21:02 B C:\1-wmg\html\arcade\asteroids\DSCN0314.JPG --> pages.prodigy.net /arcade/asteroids DSCN0314.JPG
2002.09.10 21:02 B C:\1-wmg\html\arcade\asteroids\DSCN0314_t.jpg --> pages.prodigy.net /arcade/asteroids DSCN0314_t.jpg
2002.09.10 21:04 B C:\1-wmg\html\arcade\asteroids\DSCN0315.JPG --> pages.prodigy.net /arcade/asteroids DSCN0315.JPG
2002.09.10 21:04 B C:\1-wmg\html\arcade\asteroids\DSCN0315_t.jpg --> pages.prodigy.net /arcade/asteroids DSCN0315_t.jpg
2002.09.10 21:06 B C:\1-wmg\html\arcade\asteroids\DSCN0316.JPG --> pages.prodigy.net /arcade/asteroids DSCN0316.JPG
2002.09.10 21:06 B C:\1-wmg\html\arcade\asteroids\DSCN0316_t.jpg --> pages.prodigy.net /arcade/asteroids DSCN0316_t.jpg
2002.09.10 21:08 B C:\1-wmg\html\arcade\asteroids\DSCN0400.JPG --> pages.prodigy.net /arcade/asteroids DSCN0400.JPG
2002.09.10 21:08 B C:\1-wmg\html\arcade\asteroids\DSCN0400_t.jpg --> pages.prodigy.net /arcade/asteroids DSCN0400_t.jpg
2002.09.10 21:10 B C:\1-wmg\html\arcade\asteroids\DSCN0401.JPG --> pages.prodigy.net /arcade/asteroids DSCN0401.JPG
2002.09.10 21:10 B C:\1-wmg\html\arcade\asteroids\DSCN0401_t.jpg --> pages.prodigy.net /arcade/asteroids DSCN0401_t.jpg
2002.09.10 21:11 B C:\1-wmg\html\arcade\asteroids\DSCN0468.JPG --> pages.prodigy.net /arcade/asteroids DSCN0468.JPG
2002.09.10 21:11 B C:\1-wmg\html\arcade\asteroids\DSCN0468_t.jpg --> pages.prodigy.net /arcade/asteroids DSCN0468_t.jpg
2002.09.10 21:12 B C:\1-wmg\html\arcade\asteroids\DSCN0672.JPG --> pages.prodigy.net /arcade/asteroids DSCN0672.JPG
2002.09.10 21:12 B C:\1-wmg\html\arcade\asteroids\DSCN0672_t.jpg --> pages.prodigy.net /arcade/asteroids DSCN0672_t.jpg
2002.09.10 21:13 B C:\1-wmg\html\arcade\asteroids\DSCN1067.JPG --> pages.prodigy.net /arcade/asteroids DSCN1067.JPG
2002.09.10 21:13 B C:\1-wmg\html\arcade\asteroids\DSCN1067_t.jpg --> pages.prodigy.net /arcade/asteroids DSCN1067_t.jpg
2002.09.10 21:14 B C:\1-wmg\html\arcade\asteroids\DSCN1071.JPG --> pages.prodigy.net /arcade/asteroids DSCN1071.JPG
2002.09.10 21:14 B C:\1-wmg\html\arcade\asteroids\DSCN1071_t.jpg --> pages.prodigy.net /arcade/asteroids DSCN1071_t.jpg
2002.09.10 21:14 B C:\1-wmg\html\arcade\asteroids\DSCN1075.JPG --> pages.prodigy.net /arcade/asteroids DSCN1075.JPG
2002.09.10 21:14 B C:\1-wmg\html\arcade\asteroids\DSCN1075_t.jpg --> pages.prodigy.net /arcade/asteroids DSCN1075_t.jpg
2002.09.10 21:15 B C:\1-wmg\html\arcade\asteroids\DSCN1076.JPG --> pages.prodigy.net /arcade/asteroids DSCN1076.JPG
2002.09.10 21:15 B C:\1-wmg\html\arcade\asteroids\DSCN1076_t.jpg --> pages.prodigy.net /arcade/asteroids DSCN1076_t.jpg
2002.09.10 21:15 B C:\1-wmg\html\arcade\asteroids\DSCN1077.JPG --> pages.prodigy.net /arcade/asteroids DSCN1077.JPG
2002.09.10 21:16 B C:\1-wmg\html\arcade\asteroids\DSCN1077_t.jpg --> pages.prodigy.net /arcade/asteroids DSCN1077_t.jpg
2002.09.10 21:16 B C:\1-wmg\html\arcade\asteroids\DSCN1079.JPG --> pages.prodigy.net /arcade/asteroids DSCN1079.JPG
2002.09.10 21:16 B C:\1-wmg\html\arcade\asteroids\DSCN1079_t.jpg --> pages.prodigy.net /arcade/asteroids DSCN1079_t.jpg
2002.09.10 21:16 B C:\1-wmg\html\arcade\asteroids\DSCN1128.JPG --> pages.prodigy.net /arcade/asteroids DSCN1128.JPG
2002.09.10 21:16 B C:\1-wmg\html\arcade\asteroids\DSCN1128_t.jpg --> pages.prodigy.net /arcade/asteroids DSCN1128_t.jpg
2002.09.10 21:17 B C:\1-wmg\html\arcade\asteroids\DSCN1129.JPG --> pages.prodigy.net /arcade/asteroids DSCN1129.JPG
2002.09.10 21:17 B C:\1-wmg\html\arcade\asteroids\DSCN1129_t.jpg --> pages.prodigy.net /arcade/asteroids DSCN1129_t.jpg
2002.09.10 21:18 B C:\1-wmg\html\arcade\asteroids\DSCN1130.JPG --> pages.prodigy.net /arcade/asteroids DSCN1130.JPG
2002.09.10 21:18 B C:\1-wmg\html\arcade\asteroids\DSCN1130_t.jpg --> pages.prodigy.net /arcade/asteroids DSCN1130_t.jpg
2002.09.10 21:20 B C:\1-wmg\html\arcade\asteroids\DSCN1131.JPG --> pages.prodigy.net /arcade/asteroids DSCN1131.JPG
2002.09.10 21:20 B C:\1-wmg\html\arcade\asteroids\DSCN1131_t.jpg --> pages.prodigy.net /arcade/asteroids DSCN1131_t.jpg
2002.09.10 21:23 B C:\1-wmg\html\arcade\asteroids\DSCN1133.JPG --> pages.prodigy.net /arcade/asteroids DSCN1133.JPG
2002.09.10 21:23 B C:\1-wmg\html\arcade\asteroids\DSCN1133_t.jpg --> pages.prodigy.net /arcade/asteroids DSCN1133_t.jpg
2002.09.10 21:27 B C:\1-wmg\html\arcade\asteroids\DSCN1134.JPG --> pages.prodigy.net /arcade/asteroids DSCN1134.JPG
2002.09.10 21:27 B C:\1-wmg\html\arcade\asteroids\DSCN1134_t.jpg --> pages.prodigy.net /arcade/asteroids DSCN1134_t.jpg
2002.09.10 21:28 B C:\1-wmg\html\arcade\asteroids\DSCN1135.JPG --> pages.prodigy.net /arcade/asteroids DSCN1135.JPG
2002.09.10 21:28 B C:\1-wmg\html\arcade\asteroids\DSCN1135_t.jpg --> pages.prodigy.net /arcade/asteroids DSCN1135_t.jpg
2002.09.10 21:30 B C:\1-wmg\html\arcade\asteroids\DSCN1136.JPG --> pages.prodigy.net /arcade/asteroids DSCN1136.JPG
2002.09.10 21:30 B C:\1-wmg\html\arcade\asteroids\DSCN1136_t.jpg --> pages.prodigy.net /arcade/asteroids DSCN1136_t.jpg
2002.09.10 21:34 B C:\1-wmg\html\arcade\asteroids\DSCN1137.JPG --> pages.prodigy.net /arcade/asteroids DSCN1137.JPG
2002.09.10 21:34 B C:\1-wmg\html\arcade\asteroids\DSCN1137_t.jpg --> pages.prodigy.net /arcade/asteroids DSCN1137_t.jpg
