2002.03.05 20:25 B C:\wmg\html\pinball\getaway\GETAW_L2.ZIP <-- prodigy /pinball/getaway GETAW_L2.ZIP
2002.03.05 20:25 B C:\wmg\html\pinball\getaway\gw.JPG <-- prodigy /pinball/getaway gw.JPG
2002.03.05 20:26 B C:\wmg\html\pinball\getaway\gw_t.jpg <-- prodigy /pinball/getaway gw_t.jpg
2002.03.05 20:26 B C:\wmg\html\pinball\getaway\gwpf.JPG <-- prodigy /pinball/getaway gwpf.JPG
2002.03.05 20:26 B C:\wmg\html\pinball\getaway\gwpf_t.jpg <-- prodigy /pinball/getaway gwpf_t.jpg
2002.03.05 20:27 B C:\wmg\html\pinball\getaway\gwpfcloseup.JPG <-- prodigy /pinball/getaway gwpfcloseup.JPG
2002.03.05 20:27 B C:\wmg\html\pinball\getaway\gwpfcloseup_t.jpg <-- prodigy /pinball/getaway gwpfcloseup_t.jpg
2002.03.05 20:37 B C:\wmg\html\pinball\getaway\index.html --> pages.prodigy.net /pinball/getaway index.html
2002.03.05 20:40 B C:\wmg\html\pinball\getaway\index.html --> pages.prodigy.net /pinball/getaway index.html
2002.03.05 20:41 B C:\wmg\html\pinball\getaway\GETAW_L2.ZIP <-- prodigy /pinball/getaway GETAW_L2.ZIP
2002.03.05 20:42 B C:\wmg\html\pinball\getaway\gw.jpg <-- prodigy /pinball/getaway gw.jpg
2002.03.05 20:42 B C:\wmg\html\pinball\getaway\gw_t.jpg <-- prodigy /pinball/getaway gw_t.jpg
2002.03.05 20:43 B C:\wmg\html\pinball\getaway\gwpf.jpg <-- prodigy /pinball/getaway gwpf.jpg
2002.03.05 20:43 B C:\wmg\html\pinball\getaway\gwpf_t.jpg <-- prodigy /pinball/getaway gwpf_t.jpg
2002.03.05 20:44 B C:\wmg\html\pinball\getaway\gwpfcloseup.jpg <-- prodigy /pinball/getaway gwpfcloseup.jpg
2002.03.05 20:44 B C:\wmg\html\pinball\getaway\gwpfcloseup_t.jpg <-- prodigy /pinball/getaway gwpfcloseup_t.jpg
2002.03.05 20:44 B C:\wmg\html\pinball\getaway\index.html <-- prodigy /pinball/getaway index.html
2002.03.05 20:46 B C:\wmg\html\pinball\getaway\gwpfcloseup_t.jpg --> pages.prodigy.net /pinball/getaway gwpfcloseup_t.jpg
2002.03.05 20:48 B C:\wmg\html\pinball\getaway\index.html --> pages.prodigy.net /pinball/getaway index.html
2002.03.05 20:50 B C:\wmg\html\pinball\getaway\index.html --> pages.prodigy.net /pinball/getaway index.html
2002.03.05 20:52 B C:\wmg\html\pinball\getaway\index.html --> pages.prodigy.net /pinball/getaway index.html
2002.03.05 20:53 B C:\wmg\html\pinball\getaway\index.html --> pages.prodigy.net /pinball/getaway index.html
2002.03.05 20:55 B C:\wmg\html\pinball\getaway\index.html --> pages.prodigy.net /pinball/getaway index.html
